[2014-10-15 11:01:26] START
[2014-10-15 11:02:06] CREATE congo-layout.html: 0
[2014-10-15 11:04:02] EDIT congo/views/congo-layout.html: 24
[2014-10-15 11:04:39] CREATE store.py: 0
[2014-10-15 11:04:58] EDIT congo/controllers/store.py: 1
[2014-10-15 11:05:34] CREATE store/index.html: 0
[2014-10-15 11:06:03] EDIT congo/views/store/index.html: 31
[2014-10-15 11:08:21] EDIT congo/controllers/store.py: 8
[2014-10-15 11:08:59] CREATE store/books.html: 0
[2014-10-15 11:09:07] CREATE store/videos.html: 0
[2014-10-15 11:09:45] EDIT congo/views/store/books.html: 52
[2014-10-15 11:10:13] EDIT congo/views/store/videos.html: 52
[2014-10-15 11:12:15] EDIT congo/views/congo-layout.html: 0
[2014-10-15 11:12:55] EDIT congo/views/congo-layout.html: 0
[2014-10-15 11:13:45] EDIT congo/views/congo-layout.html: 0
[2014-10-15 11:14:20] EDIT congo/views/congo-layout.html: 0
[2014-10-15 11:15:57] EDIT congo/views/congo-layout.html: -8
[2014-10-15 11:16:15] CREATE look.css: 0
[2014-10-15 11:16:32] EDIT congo/views/look.css: 6
[2014-10-15 11:17:17] EDIT congo/views/congo-layout.html: 1
[2014-10-15 11:17:45] EDIT congo/views/congo-layout.html: 0
[2014-10-15 11:19:18] EDIT congo/views/congo-layout.html: -1
[2014-10-15 11:19:57] EDIT congo/views/congo-layout.html: 8
[2014-10-15 11:20:12] DELETE congo/views/look.css: -6
[2014-10-15 11:23:03] EDIT congo/views/congo-layout.html: 3
[2014-10-15 11:23:25] EDIT congo/views/congo-layout.html: 0
[2014-10-15 11:23:42] EDIT congo/views/congo-layout.html: 0
[2014-10-15 11:24:21] EDIT congo/views/congo-layout.html: 0
[2014-10-15 11:25:13] EDIT congo/views/congo-layout.html: 0
[2014-10-15 11:25:53] EDIT congo/views/congo-layout.html: 0
[2014-10-15 11:26:32] EDIT congo/views/congo-layout.html: 0
[2014-10-15 11:26:44] EDIT congo/views/congo-layout.html: 0
[2014-10-15 11:26:54] EDIT congo/views/congo-layout.html: 0
[2014-10-15 11:27:09] EDIT congo/views/congo-layout.html: 0
[2014-10-15 11:27:53] EDIT congo/views/congo-layout.html: 0
